2026-03-27 23:24:57,059 [INFO] 
====================================================
2026-03-27 23:24:57,059 [INFO]   DISEASCAN — Full Preprocessing Pipeline
2026-03-27 23:24:57,059 [INFO] ====================================================

2026-03-27 23:24:57,317 [INFO]   RAW Dataset
2026-03-27 23:24:57,317 [INFO]   akiec     :   1415
2026-03-27 23:24:57,317 [INFO]   bcc       :   4190
2026-03-27 23:24:57,317 [INFO]   bkl       :   2650
2026-03-27 23:24:57,317 [INFO]   df        :    283
2026-03-27 23:24:57,317 [INFO]   melanoma  :   5749
2026-03-27 23:24:57,317 [INFO]   nevus     :  12352
2026-03-27 23:24:57,317 [INFO]   vasc      :    142
2026-03-27 23:24:57,317 [INFO]   TOTAL     :  26781
2026-03-27 23:24:57,318 [INFO] ====================================================
2026-03-27 23:24:57,318 [INFO]   STAGE 1: CLEANING
2026-03-27 23:24:57,318 [INFO] ====================================================
2026-03-27 23:36:31,749 [INFO] Kept     : 15466
2026-03-27 23:36:31,793 [INFO]   After Cleaning
2026-03-27 23:36:31,795 [INFO]   akiec     :    709
2026-03-27 23:36:31,795 [INFO]   bcc       :   1460
2026-03-27 23:36:31,795 [INFO]   bkl       :   1718
2026-03-27 23:36:31,795 [INFO]   df        :    171
2026-03-27 23:36:31,795 [INFO]   melanoma  :   3356
2026-03-27 23:36:31,795 [INFO]   nevus     :   7917
2026-03-27 23:36:31,795 [INFO]   vasc      :    135
2026-03-27 23:36:31,795 [INFO]   TOTAL     :  15466
2026-03-27 23:36:31,820 [INFO] ====================================================
2026-03-27 23:36:31,820 [INFO]   STAGE 2: ENHANCEMENT
2026-03-27 23:36:31,820 [INFO] ====================================================
2026-03-27 23:37:53,373 [INFO] Passthrough : 4435
2026-03-27 23:37:53,375 [INFO] Errors      : 0
2026-03-27 23:37:53,401 [INFO]   After Enhancement
2026-03-27 23:37:53,405 [INFO]   akiec     :    709
2026-03-27 23:37:53,405 [INFO]   bcc       :   1460
2026-03-27 23:37:53,405 [INFO]   bkl       :   1718
2026-03-27 23:37:53,405 [INFO]   df        :    171
2026-03-27 23:37:53,405 [INFO]   melanoma  :   3356
2026-03-27 23:37:53,405 [INFO]   nevus     :   7917
2026-03-27 23:37:53,407 [INFO]   vasc      :    135
2026-03-27 23:37:53,407 [INFO]   TOTAL     :  15466
2026-03-27 23:37:53,425 [INFO] ====================================================
2026-03-27 23:37:53,426 [INFO]   STAGE 3: AUGMENTATION
2026-03-27 23:37:53,426 [INFO] ====================================================
2026-03-27 23:41:04,563 [INFO]   After Augmentation
2026-03-27 23:41:04,564 [INFO]   akiec     :   6000
2026-03-27 23:41:04,564 [INFO]   bcc       :   7000
2026-03-27 23:41:04,564 [INFO]   bkl       :   6000
2026-03-27 23:41:04,565 [INFO]   df        :   5000
2026-03-27 23:41:04,565 [INFO]   melanoma  :  14000
2026-03-27 23:41:04,565 [INFO]   nevus     :  14000
2026-03-27 23:41:04,565 [INFO]   vasc      :   5000
2026-03-27 23:41:04,565 [INFO]   TOTAL     :  57000
2026-03-27 23:41:04,565 [INFO] 
  Pipeline complete.
